Flow report for TxSerialABC
Fri Nov  7 02:01:50 2025
Quartus Prime Version 25.1std.0 Build 1129 10/21/2025 SC Standard Edition


---------------------
; Table of Contents ;
---------------------
  1. Legal Notice
  2. Flow Summary
  3. Flow Settings
  4. Flow Non-Default Global Settings
  5. Flow Elapsed Time
  6. Flow OS Summary
  7. Flow Log
  8. Flow Messages
  9. Flow Suppressed Messages



----------------
; Legal Notice ;
----------------
Copyright (C) 2025  Altera Corporation. All rights reserved.
Your use of Altera Corporation's design tools, logic functions 
and other software and tools, and any partner logic 
functions, and any output files from any of the foregoing 
(including device programming or simulation files), and any 
associated documentation or information are expressly subject 
to the terms and conditions of the Altera Program License 
Subscription Agreement, the Altera Quartus Prime License Agreement,
the Altera IP License Agreement, or other applicable license
agreement, including, without limitation, that your use is for
the sole purpose of programming logic devices manufactured by
Altera and sold by Altera or its authorized distributors.  Please
refer to the Altera Software License Subscription Agreements 
on the Quartus Prime software download page.



+------------------------------------------------------------------------------------------+
; Flow Summary                                                                             ;
+------------------------------------+-----------------------------------------------------+
; Flow Status                        ; Successful - Fri Nov  7 02:01:48 2025               ;
; Quartus Prime Version              ; 25.1std.0 Build 1129 10/21/2025 SC Standard Edition ;
; Revision Name                      ; TxSerialABC                                         ;
; Top-level Entity Name              ; TxSerialABC                                         ;
; Family                             ; MAX 10                                              ;
; Device                             ; 10M50DAF484C6GES                                    ;
; Timing Models                      ; Preliminary                                         ;
; Total logic elements               ; 151 / 49,760 ( < 1 % )                              ;
;     Total combinational functions  ; 151 / 49,760 ( < 1 % )                              ;
;     Dedicated logic registers      ; 86 / 49,760 ( < 1 % )                               ;
; Total registers                    ; 86                                                  ;
; Total pins                         ; 6 / 360 ( 2 % )                                     ;
; Total virtual pins                 ; 0                                                   ;
; Total memory bits                  ; 0 / 1,677,312 ( 0 % )                               ;
; Embedded Multiplier 9-bit elements ; 0 / 288 ( 0 % )                                     ;
; Total PLLs                         ; 0 / 4 ( 0 % )                                       ;
; UFM blocks                         ; 0 / 1 ( 0 % )                                       ;
; ADC blocks                         ; 0 / 2 ( 0 % )                                       ;
+------------------------------------+-----------------------------------------------------+


+-----------------------------------------+
; Flow Settings                           ;
+-------------------+---------------------+
; Option            ; Setting             ;
+-------------------+---------------------+
; Start date & time ; 11/07/2025 02:01:36 ;
; Main task         ; Compilation         ;
; Revision Name     ; TxSerialABC         ;
+-------------------+---------------------+


+-------------------------------------------------------------------------------------------------------------------------+
; Flow Non-Default Global Settings                                                                                        ;
+-------------------------------------+----------------------------------------+---------------+-------------+------------+
; Assignment Name                     ; Value                                  ; Default Value ; Entity Name ; Section Id ;
+-------------------------------------+----------------------------------------+---------------+-------------+------------+
; COMPILER_SIGNATURE_ID               ; 22730584807171.176245569609254         ; --            ; --          ; --         ;
; ENABLE_SIGNALTAP                    ; Off                                    ; --            ; --          ; --         ;
; MAX_CORE_JUNCTION_TEMP              ; 85                                     ; --            ; --          ; --         ;
; MIN_CORE_JUNCTION_TEMP              ; 0                                      ; --            ; --          ; --         ;
; PARTITION_COLOR                     ; -- (Not supported for targeted family) ; --            ; --          ; Top        ;
; PARTITION_FITTER_PRESERVATION_LEVEL ; -- (Not supported for targeted family) ; --            ; --          ; Top        ;
; PARTITION_NETLIST_TYPE              ; -- (Not supported for targeted family) ; --            ; --          ; Top        ;
; POWER_BOARD_THERMAL_MODEL           ; None (CONSERVATIVE)                    ; --            ; --          ; --         ;
; POWER_PRESET_COOLING_SOLUTION       ; 23 MM HEAT SINK WITH 200 LFPM AIRFLOW  ; --            ; --          ; --         ;
; PROJECT_OUTPUT_DIRECTORY            ; output_files                           ; --            ; --          ; --         ;
; USE_SIGNALTAP_FILE                  ; output_files/stp1.stp                  ; --            ; --          ; --         ;
+-------------------------------------+----------------------------------------+---------------+-------------+------------+


+--------------------------------------------------------------------------------------------------------------------------+
; Flow Elapsed Time                                                                                                        ;
+----------------------+--------------+-------------------------+---------------------+------------------------------------+
; Module Name          ; Elapsed Time ; Average Processors Used ; Peak Virtual Memory ; Total CPU Time (on all processors) ;
+----------------------+--------------+-------------------------+---------------------+------------------------------------+
; Analysis & Synthesis ; 00:00:05     ; 1.0                     ; 500 MB              ; 00:00:14                           ;
; Fitter               ; 00:00:03     ; 1.1                     ; 2052 MB             ; 00:00:06                           ;
; Assembler            ; 00:00:02     ; 1.0                     ; 367 MB              ; 00:00:01                           ;
; Timing Analyzer      ; 00:00:01     ; 1.2                     ; 688 MB              ; 00:00:01                           ;
; Total                ; 00:00:11     ; --                      ; --                  ; 00:00:22                           ;
+----------------------+--------------+-------------------------+---------------------+------------------------------------+


+---------------------------------------------------------------------------------------------------------+
; Flow OS Summary                                                                                         ;
+----------------------+------------------------------------------+---------+------------+----------------+
; Module Name          ; Machine Hostname                         ; OS Name ; OS Version ; Processor type ;
+----------------------+------------------------------------------+---------+------------+----------------+
; Analysis & Synthesis ; hextex-ASUS-Zenbook-14-UM3406HA-UM3406HA ; Ubuntu  ; 24         ; x86_64         ;
; Fitter               ; hextex-ASUS-Zenbook-14-UM3406HA-UM3406HA ; Ubuntu  ; 24         ; x86_64         ;
; Assembler            ; hextex-ASUS-Zenbook-14-UM3406HA-UM3406HA ; Ubuntu  ; 24         ; x86_64         ;
; Timing Analyzer      ; hextex-ASUS-Zenbook-14-UM3406HA-UM3406HA ; Ubuntu  ; 24         ; x86_64         ;
+----------------------+------------------------------------------+---------+------------+----------------+


------------
; Flow Log ;
------------
quartus_map --read_settings_files=on --write_settings_files=off TxSerialABC -c TxSerialABC
quartus_fit --read_settings_files=off --write_settings_files=off TxSerialABC -c TxSerialABC
quartus_asm --read_settings_files=off --write_settings_files=off TxSerialABC -c TxSerialABC
quartus_sta TxSerialABC -c TxSerialABC



