Flow report for Question2
Fri Nov  7 08:19:02 2025
Quartus Prime Version 25.1std.0 Build 1129 10/21/2025 SC Standard Edition


---------------------
; Table of Contents ;
---------------------
  1. Legal Notice
  2. Flow Summary
  3. Flow Settings
  4. Flow Non-Default Global Settings
  5. Flow Elapsed Time
  6. Flow OS Summary
  7. Flow Log
  8. Flow Messages
  9. Flow Suppressed Messages



----------------
; Legal Notice ;
----------------
Copyright (C) 2025  Altera Corporation. All rights reserved.
Your use of Altera Corporation's design tools, logic functions 
and other software and tools, and any partner logic 
functions, and any output files from any of the foregoing 
(including device programming or simulation files), and any 
associated documentation or information are expressly subject 
to the terms and conditions of the Altera Program License 
Subscription Agreement, the Altera Quartus Prime License Agreement,
the Altera IP License Agreement, or other applicable license
agreement, including, without limitation, that your use is for
the sole purpose of programming logic devices manufactured by
Altera and sold by Altera or its authorized distributors.  Please
refer to the Altera Software License Subscription Agreements 
on the Quartus Prime software download page.



+------------------------------------------------------------------------------------------+
; Flow Summary                                                                             ;
+------------------------------------+-----------------------------------------------------+
; Flow Status                        ; Flow Failed - Fri Nov  7 08:19:02 2025              ;
; Quartus Prime Version              ; 25.1std.0 Build 1129 10/21/2025 SC Standard Edition ;
; Revision Name                      ; Question2                                           ;
; Top-level Entity Name              ; Question2                                           ;
; Family                             ; MAX 10                                              ;
; Device                             ; 10M50DAF484C6GES                                    ;
; Timing Models                      ; Preliminary                                         ;
; Total logic elements               ; N/A until Partition Merge                           ;
;     Total combinational functions  ; N/A until Partition Merge                           ;
;     Dedicated logic registers      ; N/A until Partition Merge                           ;
; Total registers                    ; N/A until Partition Merge                           ;
; Total pins                         ; N/A until Partition Merge                           ;
; Total virtual pins                 ; N/A until Partition Merge                           ;
; Total memory bits                  ; N/A until Partition Merge                           ;
; Embedded Multiplier 9-bit elements ; N/A until Partition Merge                           ;
; Total PLLs                         ; N/A until Partition Merge                           ;
; UFM blocks                         ; N/A until Partition Merge                           ;
; ADC blocks                         ; N/A until Partition Merge                           ;
+------------------------------------+-----------------------------------------------------+


+-----------------------------------------+
; Flow Settings                           ;
+-------------------+---------------------+
; Option            ; Setting             ;
+-------------------+---------------------+
; Start date & time ; 11/07/2025 08:18:57 ;
; Main task         ; Compilation         ;
; Revision Name     ; Question2           ;
+-------------------+---------------------+


+-----------------------------------------------------------------------------------------------------------------------------------------------+
; Flow Non-Default Global Settings                                                                                                              ;
+--------------------------------------+-------------------------------------------------------------+---------------+-------------+------------+
; Assignment Name                      ; Value                                                       ; Default Value ; Entity Name ; Section Id ;
+--------------------------------------+-------------------------------------------------------------+---------------+-------------+------------+
; COMPILER_SIGNATURE_ID                ; 22730584807171.176247833634491                              ; --            ; --          ; --         ;
; ECO_REGENERATE_REPORT                ; On                                                          ; Off           ; --          ; --         ;
; FITTER_EFFORT                        ; Standard Fit                                                ; Auto Fit      ; --          ; --         ;
; MAX_CORE_JUNCTION_TEMP               ; 85                                                          ; --            ; --          ; --         ;
; MIN_CORE_JUNCTION_TEMP               ; 0                                                           ; --            ; --          ; --         ;
; MISC_FILE                            ; ddr3_qsys/synthesis/../ddr3_qsys.cmp                        ; --            ; --          ; --         ;
; MISC_FILE                            ; ddr3_qsys/synthesis/../../ddr3_qsys.qsys                    ; --            ; --          ; --         ;
; MISC_FILE                            ; ddr3_qsys/synthesis/submodules/alt_mem_ddrx_define.iv       ; --            ; --          ; --         ;
; MISC_FILE                            ; ../quartusip/PLL50_inst.v                                   ; --            ; --          ; --         ;
; MISC_FILE                            ; ../quartusip/PLL50_bb.v                                     ; --            ; --          ; --         ;
; MISC_FILE                            ; ../quartusip/PLL50.cmp                                      ; --            ; --          ; --         ;
; MISC_FILE                            ; ../quartusip/PLL50.ppf                                      ; --            ; --          ; --         ;
; MISC_FILE                            ; ../quartusip/fifo256x32to64_inst.v                          ; --            ; --          ; --         ;
; MISC_FILE                            ; ../quartusip/fifo256x32to64_bb.v                            ; --            ; --          ; --         ;
; MISC_FILE                            ; ../quartusip/fifo256x32to64.cmp                             ; --            ; --          ; --         ;
; MISC_FILE                            ; ../quartusip/fifo256x64to32_inst.v                          ; --            ; --          ; --         ;
; MISC_FILE                            ; ../quartusip/fifo256x64to32_bb.v                            ; --            ; --          ; --         ;
; MISC_FILE                            ; ../quartusip/fifo256x64to32.cmp                             ; --            ; --          ; --         ;
; MISC_FILE                            ; ../quartusip/PLL_VGA_inst.v                                 ; --            ; --          ; --         ;
; MISC_FILE                            ; ../quartusip/PLL_VGA_bb.v                                   ; --            ; --          ; --         ;
; MISC_FILE                            ; ../quartusip/PLL_VGA.cmp                                    ; --            ; --          ; --         ;
; MISC_FILE                            ; ../quartusip/PLL_VGA.ppf                                    ; --            ; --          ; --         ;
; MUX_RESTRUCTURE                      ; Off                                                         ; Auto          ; --          ; --         ;
; OPTIMIZATION_MODE                    ; Aggressive Performance                                      ; Balanced      ; --          ; --         ;
; OUTPUT_IO_TIMING_FAR_END_VMEAS       ; Half Signal Swing                                           ; --            ; --          ; --         ;
; OUTPUT_IO_TIMING_FAR_END_VMEAS       ; Half Signal Swing                                           ; --            ; --          ; --         ;
; OUTPUT_IO_TIMING_NEAR_END_VMEAS      ; Half Vccio                                                  ; --            ; --          ; --         ;
; OUTPUT_IO_TIMING_NEAR_END_VMEAS      ; Half Vccio                                                  ; --            ; --          ; --         ;
; PARTITION_COLOR                      ; -- (Not supported for targeted family)                      ; --            ; --          ; Top        ;
; PARTITION_FITTER_PRESERVATION_LEVEL  ; -- (Not supported for targeted family)                      ; --            ; --          ; Top        ;
; PARTITION_NETLIST_TYPE               ; -- (Not supported for targeted family)                      ; --            ; --          ; Top        ;
; PHYSICAL_SYNTHESIS_COMBO_LOGIC       ; On                                                          ; Off           ; --          ; --         ;
; PHYSICAL_SYNTHESIS_REGISTER_RETIMING ; On                                                          ; Off           ; --          ; --         ;
; PLACEMENT_EFFORT_MULTIPLIER          ; 4.0                                                         ; 1.0           ; --          ; --         ;
; POWER_BOARD_THERMAL_MODEL            ; None (CONSERVATIVE)                                         ; --            ; --          ; --         ;
; POWER_PRESET_COOLING_SOLUTION        ; 23 MM HEAT SINK WITH 200 LFPM AIRFLOW                       ; --            ; --          ; --         ;
; PROJECT_OUTPUT_DIRECTORY             ; output_files                                                ; --            ; --          ; --         ;
; ROUTER_TIMING_OPTIMIZATION_LEVEL     ; MAXIMUM                                                     ; Normal        ; --          ; --         ;
; SLD_FILE                             ; ddr3_qsys/synthesis/ddr3_qsys.debuginfo                     ; --            ; --          ; --         ;
; SLD_INFO                             ; QSYS_NAME ddr3_qsys HAS_SOPCINFO 1 GENERATION_ID 1577241909 ; --            ; ddr3_qsys   ; --         ;
; SOPCINFO_FILE                        ; ddr3_qsys/synthesis/../../ddr3_qsys.sopcinfo                ; --            ; --          ; --         ;
; SYNTHESIS_ONLY_QIP                   ; On                                                          ; --            ; --          ; --         ;
+--------------------------------------+-------------------------------------------------------------+---------------+-------------+------------+


+--------------------------------------------------------------------------------------------------------------------------+
; Flow Elapsed Time                                                                                                        ;
+----------------------+--------------+-------------------------+---------------------+------------------------------------+
; Module Name          ; Elapsed Time ; Average Processors Used ; Peak Virtual Memory ; Total CPU Time (on all processors) ;
+----------------------+--------------+-------------------------+---------------------+------------------------------------+
; Analysis & Synthesis ; 00:00:07     ; 1.0                     ; 483 MB              ; 00:00:16                           ;
; Total                ; 00:00:07     ; --                      ; --                  ; 00:00:16                           ;
+----------------------+--------------+-------------------------+---------------------+------------------------------------+


+---------------------------------------------------------------------------------------------------------+
; Flow OS Summary                                                                                         ;
+----------------------+------------------------------------------+---------+------------+----------------+
; Module Name          ; Machine Hostname                         ; OS Name ; OS Version ; Processor type ;
+----------------------+------------------------------------------+---------+------------+----------------+
; Analysis & Synthesis ; hextex-ASUS-Zenbook-14-UM3406HA-UM3406HA ; Ubuntu  ; 24         ; x86_64         ;
+----------------------+------------------------------------------+---------+------------+----------------+


------------
; Flow Log ;
------------
quartus_map --read_settings_files=on --write_settings_files=off Question2 -c Question2



